0 info it worked if it ends with ok
1 verbose cli [ 'C:\\Program Files\\nodejs\\node.exe',
1 verbose cli   'C:\\Program Files\\nodejs\\node_modules\\npm\\bin\\npm-cli.js',
1 verbose cli   'start' ]
2 info using npm@3.10.10
3 info using node@v6.9.4
4 verbose run-script [ 'prestart', 'start', 'poststart' ]
5 info lifecycle armthepit@1.0.0~prestart: armthepit@1.0.0
6 silly lifecycle armthepit@1.0.0~prestart: no script for prestart, continuing
7 info lifecycle armthepit@1.0.0~start: armthepit@1.0.0
8 verbose lifecycle armthepit@1.0.0~start: unsafe-perm in lifecycle true
9 verbose lifecycle armthepit@1.0.0~start: PATH: C:\Program Files\nodejs\node_modules\npm\bin\node-gyp-bin;E:\portfolio\project3\armthepit\node_modules\.bin;C:\Users\John\bin;C:\Program Files\Git\mingw64\bin;C:\Program Files\Git\usr\local\bin;C:\Program Files\Git\usr\bin;C:\Program Files\Git\usr\bin;C:\Program Files\Git\mingw64\bin;C:\Program Files\Git\usr\bin;C:\Users\John\bin;C:\Windows\system32;C:\Windows;C:\Windows\System32\Wbem;C:\Windows\System32\WindowsPowerShell\v1.0;C:\Program Files\Dell\DW WLAN Card;C:\Program Files\Git\cmd;C:\Program Files (x86)\Heroku\bin;C:\Program Files (x86)\git\cmd;C:\Program Files (x86)\Git\cmd;C:\Program Files\MySQL\MySQL Server 5.7\bin;C:\Program Files (x86)\Windows Kits\8.1\Windows Performance Toolkit;C:\Program Files\MongoDB\Server\3.4\bin;C:\xampp\php;C:\Program Files\nodejs;C:\ProgramData\ComposerSetup\bin;C:\Users\John\AppData\Roaming\npm;C:\Users\John\AppData\Roaming\Composer\vendor\bin;C:\Program Files\Git\usr\bin\vendor_perl;C:\Program Files\Git\usr\bin\core_perl
10 verbose lifecycle armthepit@1.0.0~start: CWD: E:\portfolio\project3\armthepit
11 silly lifecycle armthepit@1.0.0~start: Args: [ '/d /s /c', 'node server/index.js' ]
12 silly lifecycle armthepit@1.0.0~start: Returned: code: 1  signal: null
13 info lifecycle armthepit@1.0.0~start: Failed to exec start script
14 verbose stack Error: armthepit@1.0.0 start: `node server/index.js`
14 verbose stack Exit status 1
14 verbose stack     at EventEmitter.<anonymous> (C:\Program Files\nodejs\node_modules\npm\lib\utils\lifecycle.js:255:16)
14 verbose stack     at emitTwo (events.js:106:13)
14 verbose stack     at EventEmitter.emit (events.js:191:7)
14 verbose stack     at ChildProcess.<anonymous> (C:\Program Files\nodejs\node_modules\npm\lib\utils\spawn.js:40:14)
14 verbose stack     at emitTwo (events.js:106:13)
14 verbose stack     at ChildProcess.emit (events.js:191:7)
14 verbose stack     at maybeClose (internal/child_process.js:877:16)
14 verbose stack     at Process.ChildProcess._handle.onexit (internal/child_process.js:226:5)
15 verbose pkgid armthepit@1.0.0
16 verbose cwd E:\portfolio\project3\armthepit
17 error Windows_NT 6.1.7601
18 error argv "C:\\Program Files\\nodejs\\node.exe" "C:\\Program Files\\nodejs\\node_modules\\npm\\bin\\npm-cli.js" "start"
19 error node v6.9.4
20 error npm  v3.10.10
21 error code ELIFECYCLE
22 error armthepit@1.0.0 start: `node server/index.js`
22 error Exit status 1
23 error Failed at the armthepit@1.0.0 start script 'node server/index.js'.
23 error Make sure you have the latest version of node.js and npm installed.
23 error If you do, this is most likely a problem with the armthepit package,
23 error not with npm itself.
23 error Tell the author that this fails on your system:
23 error     node server/index.js
23 error You can get information on how to open an issue for this project with:
23 error     npm bugs armthepit
23 error Or if that isn't available, you can get their info via:
23 error     npm owner ls armthepit
23 error There is likely additional logging output above.
24 verbose exit [ 1, true ]
